C51 COMPILER V9.57.0.0   BUZZ                                                              03/30/2018 21:30:18 PAGE 1   


C51 COMPILER V9.57.0.0, COMPILATION OF MODULE BUZZ
OBJECT MODULE PLACED IN .\Objects\buzz.obj
COMPILER INVOKED BY: C:\Keil_v5\C51\BIN\C51.EXE ..\Buzzer Interface\buzz.c OPTIMIZE(8,SPEED) BROWSE DEBUG OBJECTEXTEND P
                    -RINT(.\Listings\buzz.lst) TABS(2) OBJECT(.\Objects\buzz.obj)

line level    source

   1          #include<reg51.h>
   2          sbit buzz = P2^0;
   3          void main()
   4          {
   5   1        while(1)
   6   1        {
   7   2          buzz = 1;
   8   2          delay();
*** WARNING C206 IN LINE 8 OF ..\Buzzer Interface\buzz.c: 'delay': missing function-prototype
   9   2          buzz = 0;
  10   2          delay();
  11   2        }
  12   1      }
  13          
  14          void dealy()
  15          {
  16   1        unsigned int i;
  17   1        for(i = 0; i < 40000; i++);
  18   1      }


MODULE INFORMATION:   STATIC OVERLAYABLE
   CODE SIZE        =     38    ----
   CONSTANT SIZE    =   ----    ----
   XDATA SIZE       =   ----    ----
   PDATA SIZE       =   ----    ----
   DATA SIZE        =   ----    ----
   IDATA SIZE       =   ----    ----
   BIT SIZE         =   ----    ----
END OF MODULE INFORMATION.


C51 COMPILATION COMPLETE.  1 WARNING(S),  0 ERROR(S)
