C51 COMPILER V9.57.0.0   VOTE_FINAL                                                        03/30/2018 22:25:11 PAGE 1   


C51 COMPILER V9.57.0.0, COMPILATION OF MODULE VOTE_FINAL
OBJECT MODULE PLACED IN .\Objects\vote_final.obj
COMPILER INVOKED BY: C:\Keil_v5\C51\BIN\C51.EXE vote_final.c OPTIMIZE(8,SPEED) BROWSE DEBUG OBJECTEXTEND PRINT(.\Listing
                    -s\vote_final.lst) TABS(2) OBJECT(.\Objects\vote_final.obj)

line level    source

   1          #include<reg51.h>
   2          #define lcdport P2
   3          sbit rs=P3^0;
   4          sbit rw=P3^1;
   5          sbit en=P3^2;
   6          sbit start= P1^0; 
   7          sbit stop= P1^5;
   8          sbit finish = P1^6;
   9          sbit party1=P1^1;  //Candidate1
  10          sbit party2=P1^2;  //Candidate2
  11          sbit party3=P1^3;  //Candidate3
  12          sbit party4=P1^4;  //Candidate4
  13          sbit led1 = P3^3;
  14          sbit led2 = P3^4;
  15          sbit led3 = P3^5;
  16          sbit led4 = P3^6;
  17          sbit buzz = P3^7;
  18          void lcdcmd(char);
  19          void lcdint();
  20          void lcddata(char);
  21          void lcdstring(char *);
  22          void delay(unsigned int);
  23          void longdelay(unsigned int);
  24          void dispaly_vote(unsigned int) ;
  25          void count();
  26          void result();
  27          void check();
  28          unsigned int vote1,vote2,vote3,vote4, stp = 0;
  29          char vote_no[4], cand = 0;
  30          void main()
  31          {
  32   1      P3 = 0x00;
  33   1      lcdport=0x00;
  34   1      party1 =party2 = party3 = party4 = 0;    
  35   1      vote1 = vote2 = vote3 = vote4 =0;
  36   1      start=stop=finish=0;
  37   1      lcdint();
  38   1      top:
  39   1      lcdcmd(0x81);
  40   1      lcdstring("Press start to");
  41   1      lcdcmd(0xc3);
  42   1      lcdstring("initiate");
  43   1      while(1)
  44   1      {
  45   2      
  46   2      if(start==1)
  47   2      {
  48   3      lcdcmd(0x01);
  49   3      lcdcmd(0x84);
  50   3      lcdstring("WELCOME!!");
  51   3      longdelay(200);
  52   3      lcdcmd(0x01);
  53   3      lcdcmd(0x81);
  54   3      lcdstring("CAST YOUR VOTE");
C51 COMPILER V9.57.0.0   VOTE_FINAL                                                        03/30/2018 22:25:11 PAGE 2   

  55   3      longdelay(100);
  56   3      lcdcmd(0x01);
  57   3      lcdstring("P01");
  58   3      delay(500);
  59   3      lcdcmd(0x84);
  60   3      lcdstring("P02");
  61   3      delay(500);
  62   3      lcdcmd(0x88);
  63   3      lcdstring("P03");
  64   3      delay(500);
  65   3      lcdcmd(0x8C);
  66   3      lcdstring("P04");
  67   3      count();
  68   3      lcdcmd(0x01);
  69   3      lcdcmd(0x80);
  70   3      lcdstring("Voted candidate");
  71   3      lcdcmd(0xc5);
  72   3      if(cand == 1)
  73   3        lcdstring("P01");
  74   3      if(cand == 2)
  75   3        lcdstring("P02");
  76   3      if(cand == 3)
  77   3        lcdstring("P03");
  78   3      if(cand == 4)
  79   3        lcdstring("P04");
  80   3      longdelay(200);
  81   3      lcdcmd(0x01);
  82   3      lcdcmd(0x83);
  83   3      lcdstring("Thank you!");
  84   3      longdelay(300);
  85   3      lcdcmd(0x01);
  86   3      goto top;
  87   3      }
  88   2      if(stop == 1)
  89   2      {
  90   3        stp = 1;
  91   3      }
  92   2      
  93   2      if(stp == 1)
  94   2      {
  95   3       check();
  96   3       stp = 0;
  97   3      }
  98   2      
  99   2      if(finish == 1)
 100   2      {
 101   3        while(1)
 102   3        {
 103   4          result();
 104   4        }
 105   3      }
 106   2      
 107   2      }
 108   1      }
 109          void check()
 110          {
 111   1      lcdcmd(0x01);
 112   1      lcdstring("P01");
 113   1      delay(500);
 114   1      lcdcmd(0x84);
 115   1      lcdstring("P02");
 116   1      delay(500);
C51 COMPILER V9.57.0.0   VOTE_FINAL                                                        03/30/2018 22:25:11 PAGE 3   

 117   1      lcdcmd(0x88);
 118   1      lcdstring("P03");
 119   1      delay(500);
 120   1      lcdcmd(0x8C);
 121   1      lcdstring("P04");
 122   1      lcdcmd(0xc0);
 123   1      dispaly_vote(vote1);
 124   1      lcdcmd(0xc4);
 125   1      dispaly_vote(vote2);
 126   1      lcdcmd(0xc8);
 127   1      dispaly_vote(vote3);
 128   1      lcdcmd(0xcc);
 129   1      dispaly_vote(vote4);
 130   1      
 131   1      longdelay(300); 
 132   1      }
 133          
 134          
 135          void result()
 136          {
 137   1      int max=0,flag=0;
 138   1      lcdcmd(0x01);
 139   1      lcdstring("P01");
 140   1      delay(500);
 141   1      lcdcmd(0x84);
 142   1      lcdstring("P02");
 143   1      delay(500);
 144   1      lcdcmd(0x88);
 145   1      lcdstring("P03");
 146   1      delay(500);
 147   1      lcdcmd(0x8C);
 148   1      lcdstring("P04");
 149   1      lcdcmd(0xc0);
 150   1      dispaly_vote(vote1);
 151   1      lcdcmd(0xc4);
 152   1      dispaly_vote(vote2);
 153   1      lcdcmd(0xc8);
 154   1      dispaly_vote(vote3);
 155   1      lcdcmd(0xcc);
 156   1      dispaly_vote(vote4);
 157   1      if(vote1>max)
 158   1      {
 159   2      max=vote1;
 160   2      }
 161   1      if(vote2>max)
 162   1      {
 163   2      max=vote2;
 164   2      }
 165   1      if(vote3>max)
 166   1      {
 167   2      max=vote3;
 168   2      }
 169   1      if(vote4>max)
 170   1      {
 171   2      max=vote4;
 172   2      }
 173   1      longdelay(400);
 174   1      if ( (vote1 == max) && ( vote2 != max) && (vote3 != max)&& (vote4 != max) )
 175   1      {
 176   2        flag = 1;
 177   2        lcdcmd(0x01);
 178   2        lcdcmd(0x80);
C51 COMPILER V9.57.0.0   VOTE_FINAL                                                        03/30/2018 22:25:11 PAGE 4   

 179   2        lcdstring("P01");
 180   2        lcdcmd(0xc5);
 181   2        lcdstring("WINS");
 182   2        longdelay(400);
 183   2      }
 184   1      if ( (vote2 == max) && ( vote1 != max) && (vote3 != max)&& (vote4 != max) )
 185   1      {
 186   2        flag = 1;
 187   2        lcdcmd(0x01);
 188   2        lcdcmd(0x80);
 189   2        lcdstring("P02");
 190   2         lcdcmd(0xc5);
 191   2        lcdstring("WINS");
 192   2        longdelay(400);
 193   2      }
 194   1      if ( (vote3 == max) && ( vote2 != max) && (vote1 != max)&& (vote4 != max) )
 195   1      {
 196   2        flag = 1;
 197   2        lcdcmd(0x01);
 198   2        lcdcmd(0x80);
 199   2        lcdstring("P03");
 200   2         lcdcmd(0xc5);
 201   2        lcdstring("WINS");
 202   2        longdelay(400);
 203   2      }
 204   1      if ( (vote4 == max) && ( vote2 != max) && (vote1 != max)&& (vote3!= max) )
 205   1      {
 206   2        flag = 1;
 207   2        lcdcmd(0x01);
 208   2        lcdcmd(0x80);
 209   2        lcdstring("P04");
 210   2         lcdcmd(0xc5);
 211   2        lcdstring("WINS");
 212   2        longdelay(400);
 213   2      }
 214   1      if(flag==0)
 215   1      {
 216   2      lcdcmd(0x01);
 217   2      lcdcmd(0x80);
 218   2      lcdstring("clash between");
 219   2      lcdcmd(0xc0);
 220   2      if(vote1==max)
 221   2      {
 222   3      lcdstring("P01 ");
 223   3      }
 224   2      if(vote2==max)
 225   2      {
 226   3      lcdstring("P02 ");
 227   3      }
 228   2      if(vote3==max)
 229   2      {
 230   3      lcdstring("P03 ");
 231   3      }
 232   2      if(vote4==max)
 233   2      {
 234   3      lcdstring("P04 ");
 235   3      }
 236   2      longdelay(100);
 237   2      }
 238   1      }
 239          
 240          
C51 COMPILER V9.57.0.0   VOTE_FINAL                                                        03/30/2018 22:25:11 PAGE 5   

 241          void dispaly_vote(unsigned int vote)  // send 0-9 character values
 242          { 
 243   1      int k,p;
 244   1      for (k=0;k<=2;k++)
 245   1      {
 246   2        vote_no[k]=vote%10;
 247   2        vote=vote/10;
 248   2      }
 249   1      for (p=2;p>=0;p--)
 250   1      {
 251   2      lcddata(vote_no[p]+48);  
 252   2      }
 253   1      }
 254          
 255          
 256          void count()  // count votes
 257          {
 258   1      while(party1==0&&party2==0&&party3==0&&party4==0);
 259   1      if (party1==1)
 260   1      {
 261   2          vote1 = vote1 + 1;
 262   2          cand = 1;
 263   2          led1 = 1;
 264   2          buzz = 1; 
 265   2          longdelay(100);
 266   2          buzz = 0;
 267   2          led1 = 0;
 268   2      }
 269   1      if (party2==1)
 270   1      {
 271   2          
 272   2          vote2 = vote2 + 1;
 273   2          cand =  2;
 274   2          led2 = 1;
 275   2          buzz = 1;
 276   2          longdelay(100);
 277   2          buzz = 0;
 278   2          led2 = 0; 
 279   2      }
 280   1      if (party3==1)
 281   1      {
 282   2          vote3 = vote3 + 1;
 283   2          cand = 3;
 284   2          led3 = 1;
 285   2          buzz = 1;
 286   2          longdelay(100);
 287   2          buzz = 0;
 288   2          led3 = 0;  
 289   2      }
 290   1      if (party4==1)
 291   1      {
 292   2          vote4 = vote4 + 1;
 293   2          cand = 4;
 294   2          led4 = 1;
 295   2          buzz = 1;
 296   2          longdelay(100);
 297   2          buzz = 0;
 298   2          led4 = 0;  
 299   2      }
 300   1      }
 301          
 302          
C51 COMPILER V9.57.0.0   VOTE_FINAL                                                        03/30/2018 22:25:11 PAGE 6   

 303          void delay(unsigned int x)
 304          {
 305   1       unsigned int i;
 306   1       for(i=0;i<x;i++);
 307   1      }
 308          
 309          void longdelay(unsigned int u)
 310          {
 311   1      unsigned int i,j;
 312   1      for(i=0;i<u;i++)
 313   1      for(j=0;j<1275;j++);
 314   1      }
 315          void lcdint()
 316          {
 317   1        lcdcmd(0x38);
 318   1        lcdcmd(0x01);
 319   1        lcdcmd(0x0c);
 320   1        lcdcmd(0x80);
 321   1      }
 322          void lcdcmd(char value)
 323          {
 324   1        lcdport = value;
 325   1        rw=0;
 326   1        rs=0;
 327   1        en=1;
 328   1        delay(500);
 329   1        en=0;
 330   1      }
 331          void lcdstring(char *p)
 332          {
 333   1        while(*p!='\0')
 334   1         {
 335   2           lcddata(*p);
 336   2           delay(2000);
 337   2           p++;
 338   2         }
 339   1      }
 340          void lcddata(char value)
 341          {
 342   1        lcdport = value;
 343   1        rs=1;
 344   1        rw=0;
 345   1        en=1; 
 346   1        delay(500);
 347   1        en=0;
 348   1      }


MODULE INFORMATION:   STATIC OVERLAYABLE
   CODE SIZE        =   1439    ----
   CONSTANT SIZE    =    131    ----
   XDATA SIZE       =   ----    ----
   PDATA SIZE       =   ----    ----
   DATA SIZE        =     15      11
   IDATA SIZE       =   ----    ----
   BIT SIZE         =   ----    ----
END OF MODULE INFORMATION.


C51 COMPILATION COMPLETE.  0 WARNING(S),  0 ERROR(S)
